2022-01-19 10:25:47 [HikariPool-1 housekeeper] WARN  com.zaxxer.hikari.pool.HikariPool HikariPool-1 - Thread starvation or clock leap detected (housekeeper delta=13h39m21s542ms758µs600ns).
2022-01-19 10:28:50 [main] INFO  c.c.e.EmployeePortalApplication Starting EmployeePortalApplication using Java 11.0.7 on Clairvoyant-266 with PID 14088 (C:\Ashlesha\Workspace\employee-portal\target\classes started by Ashlesha Parise in C:\Ashlesha\Workspace\employee-portal)
2022-01-19 10:28:50 [main] INFO  c.c.e.EmployeePortalApplication No active profile set, falling back to default profiles: default
2022-01-19 10:28:52 [main] INFO  o.s.d.r.c.RepositoryConfigurationDelegate Bootstrapping Spring Data JPA repositories in DEFAULT mode.
2022-01-19 10:28:52 [main] INFO  o.s.d.r.c.RepositoryConfigurationDelegate Finished Spring Data repository scanning in 8 ms. Found 0 JPA repository interfaces.
2022-01-19 10:28:52 [main] INFO  o.s.d.r.c.RepositoryConfigurationDelegate Bootstrapping Spring Data JPA repositories in DEFAULT mode.
2022-01-19 10:28:52 [main] INFO  o.s.d.r.c.RepositoryConfigurationDelegate Finished Spring Data repository scanning in 81 ms. Found 3 JPA repository interfaces.
2022-01-19 10:28:52 [main] INFO  o.s.c.s.PostProcessorRegistrationDelegate$BeanPostProcessorChecker Bean 'asyncExceptionHandler' of type [com.cla.employeeportaldemo.exception.AsyncExceptionHandler] is not eligible for getting processed by all BeanPostProcessors (for example: not eligible for auto-proxying)
2022-01-19 10:28:52 [main] INFO  o.s.c.s.PostProcessorRegistrationDelegate$BeanPostProcessorChecker Bean 'asyncConfiguration' of type [com.cla.employeeportaldemo.config.AsyncConfiguration$$EnhancerBySpringCGLIB$$e3879c1e] is not eligible for getting processed by all BeanPostProcessors (for example: not eligible for auto-proxying)
2022-01-19 10:28:54 [main] INFO  o.s.b.w.e.tomcat.TomcatWebServer Tomcat initialized with port(s): 8081 (http)
2022-01-19 10:28:54 [main] INFO  o.a.catalina.core.StandardService Starting service [Tomcat]
2022-01-19 10:28:54 [main] INFO  o.a.catalina.core.StandardEngine Starting Servlet engine: [Apache Tomcat/9.0.55]
2022-01-19 10:28:54 [main] INFO  o.a.c.c.C.[Tomcat].[localhost].[/] Initializing Spring embedded WebApplicationContext
2022-01-19 10:28:54 [main] INFO  o.s.b.w.s.c.ServletWebServerApplicationContext Root WebApplicationContext: initialization completed in 3953 ms
2022-01-19 10:28:55 [main] INFO  o.h.jpa.internal.util.LogHelper HHH000204: Processing PersistenceUnitInfo [name: default]
2022-01-19 10:28:55 [main] INFO  org.hibernate.Version HHH000412: Hibernate ORM core version 5.6.1.Final
2022-01-19 10:28:55 [main] INFO  o.h.annotations.common.Version HCANN000001: Hibernate Commons Annotations {5.1.2.Final}
2022-01-19 10:28:55 [main] INFO  com.zaxxer.hikari.HikariDataSource HikariPool-1 - Starting...
2022-01-19 10:28:55 [main] INFO  com.zaxxer.hikari.HikariDataSource HikariPool-1 - Start completed.
2022-01-19 10:28:55 [main] INFO  org.hibernate.dialect.Dialect HHH000400: Using dialect: org.hibernate.dialect.MySQLInnoDBDialect
2022-01-19 10:28:57 [main] INFO  o.h.e.t.j.p.i.JtaPlatformInitiator HHH000490: Using JtaPlatform implementation: [org.hibernate.engine.transaction.jta.platform.internal.NoJtaPlatform]
2022-01-19 10:28:57 [main] INFO  o.s.o.j.LocalContainerEntityManagerFactoryBean Initialized JPA EntityManagerFactory for persistence unit 'default'
2022-01-19 10:28:58 [main] WARN  net.sf.ehcache.CacheManager One or more caches require a DiskStore but there is no diskStore element configured. Using the default disk store path of C:\Users\ASHLES~1\AppData\Local\Temp\. Please explicitly configure the diskStore element in ehcache.xml.
2022-01-19 10:28:58 [main] WARN  o.s.b.a.o.j.JpaBaseConfiguration$JpaWebConfiguration spring.jpa.open-in-view is enabled by default. Therefore, database queries may be performed during view rendering. Explicitly configure spring.jpa.open-in-view to disable this warning
2022-01-19 10:28:59 [main] INFO  s.d.s.w.PropertySourcedRequestMappingHandlerMapping Mapped URL path [/v2/api-docs] onto method [springfox.documentation.swagger2.web.Swagger2Controller#getDocumentation(String, HttpServletRequest)]
2022-01-19 10:28:59 [main] INFO  o.s.b.w.e.tomcat.TomcatWebServer Tomcat started on port(s): 8081 (http) with context path ''
2022-01-19 10:28:59 [main] INFO  s.d.s.w.p.DocumentationPluginsBootstrapper Context refreshed
2022-01-19 10:28:59 [main] INFO  s.d.s.w.p.DocumentationPluginsBootstrapper Found 1 custom documentation plugin(s)
2022-01-19 10:28:59 [main] INFO  s.d.s.w.s.ApiListingReferenceScanner Scanning for api listing references
2022-01-19 10:29:00 [main] INFO  s.d.s.w.r.o.CachingOperationNameGenerator Generating unique operation named: findEmployeeDetailsUsingGET_1
2022-01-19 10:29:00 [main] INFO  c.c.e.EmployeePortalApplication Started EmployeePortalApplication in 10.604 seconds (JVM running for 11.534)
2022-01-19 10:29:17 [http-nio-8081-exec-1] INFO  o.a.c.c.C.[Tomcat].[localhost].[/] Initializing Spring DispatcherServlet 'dispatcherServlet'
2022-01-19 10:29:17 [http-nio-8081-exec-1] INFO  o.s.web.servlet.DispatcherServlet Initializing Servlet 'dispatcherServlet'
2022-01-19 10:29:17 [http-nio-8081-exec-1] INFO  o.s.web.servlet.DispatcherServlet Completed initialization in 9 ms
2022-01-19 10:29:17 [http-nio-8081-exec-1] DEBUG org.hibernate.SQL select employee0_.emp_id as emp_id1_1_, employee0_.emp_address as emp_addr2_1_, employee0_.emp_designation as emp_desi3_1_, employee0_.emp_name as emp_name4_1_, employee0_.emp_phone as emp_phon5_1_, employee0_.emp_salary as emp_sala6_1_ from employee employee0_
2022-01-19 10:29:18 [pool-1-thread-3] DEBUG org.hibernate.SQL select employee0_.emp_id as emp_id1_1_, employee0_.emp_address as emp_addr2_1_, employee0_.emp_designation as emp_desi3_1_, employee0_.emp_name as emp_name4_1_, employee0_.emp_phone as emp_phon5_1_, employee0_.emp_salary as emp_sala6_1_ from employee employee0_
2022-01-19 10:29:18 [pool-1-thread-2] DEBUG org.hibernate.SQL select employee0_.emp_id as emp_id1_1_, employee0_.emp_address as emp_addr2_1_, employee0_.emp_designation as emp_desi3_1_, employee0_.emp_name as emp_name4_1_, employee0_.emp_phone as emp_phon5_1_, employee0_.emp_salary as emp_sala6_1_ from employee employee0_
2022-01-19 10:29:18 [pool-1-thread-1] DEBUG org.hibernate.SQL select employee0_.emp_id as emp_id1_1_, employee0_.emp_address as emp_addr2_1_, employee0_.emp_designation as emp_desi3_1_, employee0_.emp_name as emp_name4_1_, employee0_.emp_phone as emp_phon5_1_, employee0_.emp_salary as emp_sala6_1_ from employee employee0_
2022-01-19 10:29:18 [http-nio-8081-exec-1] DEBUG org.hibernate.SQL update employee set emp_address=?, emp_designation=?, emp_name=?, emp_phone=?, emp_salary=? where emp_id=?
2022-01-19 10:29:18 [http-nio-8081-exec-1] DEBUG org.hibernate.SQL update employee set emp_address=?, emp_designation=?, emp_name=?, emp_phone=?, emp_salary=? where emp_id=?
2022-01-19 10:29:19 [http-nio-8081-exec-1] DEBUG org.hibernate.SQL update employee set emp_address=?, emp_designation=?, emp_name=?, emp_phone=?, emp_salary=? where emp_id=?
2022-01-19 10:55:41 [HikariPool-1 housekeeper] WARN  com.zaxxer.hikari.pool.HikariPool HikariPool-1 - Thread starvation or clock leap detected (housekeeper delta=10m45s417ms451µs600ns).
2022-01-19 11:02:28 [HikariPool-1 housekeeper] WARN  com.zaxxer.hikari.pool.HikariPool HikariPool-1 - Thread starvation or clock leap detected (housekeeper delta=5m17s110ms950µs).
2022-01-19 11:04:28 [http-nio-8081-exec-5] DEBUG org.hibernate.SQL select employee0_.emp_id as emp_id1_1_, employee0_.emp_address as emp_addr2_1_, employee0_.emp_designation as emp_desi3_1_, employee0_.emp_name as emp_name4_1_, employee0_.emp_phone as emp_phon5_1_, employee0_.emp_salary as emp_sala6_1_ from employee employee0_
2022-01-19 11:04:28 [pool-2-thread-1] DEBUG org.hibernate.SQL select employee0_.emp_id as emp_id1_1_, employee0_.emp_address as emp_addr2_1_, employee0_.emp_designation as emp_desi3_1_, employee0_.emp_name as emp_name4_1_, employee0_.emp_phone as emp_phon5_1_, employee0_.emp_salary as emp_sala6_1_ from employee employee0_
2022-01-19 11:04:28 [pool-2-thread-3] DEBUG org.hibernate.SQL select employee0_.emp_id as emp_id1_1_, employee0_.emp_address as emp_addr2_1_, employee0_.emp_designation as emp_desi3_1_, employee0_.emp_name as emp_name4_1_, employee0_.emp_phone as emp_phon5_1_, employee0_.emp_salary as emp_sala6_1_ from employee employee0_
2022-01-19 11:04:28 [pool-2-thread-2] DEBUG org.hibernate.SQL select employee0_.emp_id as emp_id1_1_, employee0_.emp_address as emp_addr2_1_, employee0_.emp_designation as emp_desi3_1_, employee0_.emp_name as emp_name4_1_, employee0_.emp_phone as emp_phon5_1_, employee0_.emp_salary as emp_sala6_1_ from employee employee0_
2022-01-19 11:04:28 [http-nio-8081-exec-5] DEBUG org.hibernate.SQL update employee set emp_address=?, emp_designation=?, emp_name=?, emp_phone=?, emp_salary=? where emp_id=?
2022-01-19 11:04:28 [http-nio-8081-exec-5] DEBUG org.hibernate.SQL update employee set emp_address=?, emp_designation=?, emp_name=?, emp_phone=?, emp_salary=? where emp_id=?
2022-01-19 11:04:29 [http-nio-8081-exec-5] DEBUG org.hibernate.SQL update employee set emp_address=?, emp_designation=?, emp_name=?, emp_phone=?, emp_salary=? where emp_id=?
2022-01-19 11:05:09 [http-nio-8081-exec-6] DEBUG org.hibernate.SQL select employee0_.emp_id as emp_id1_1_, employee0_.emp_address as emp_addr2_1_, employee0_.emp_designation as emp_desi3_1_, employee0_.emp_name as emp_name4_1_, employee0_.emp_phone as emp_phon5_1_, employee0_.emp_salary as emp_sala6_1_ from employee employee0_
2022-01-19 11:05:09 [pool-3-thread-2] DEBUG org.hibernate.SQL select employee0_.emp_id as emp_id1_1_, employee0_.emp_address as emp_addr2_1_, employee0_.emp_designation as emp_desi3_1_, employee0_.emp_name as emp_name4_1_, employee0_.emp_phone as emp_phon5_1_, employee0_.emp_salary as emp_sala6_1_ from employee employee0_
2022-01-19 11:05:09 [pool-3-thread-1] DEBUG org.hibernate.SQL select employee0_.emp_id as emp_id1_1_, employee0_.emp_address as emp_addr2_1_, employee0_.emp_designation as emp_desi3_1_, employee0_.emp_name as emp_name4_1_, employee0_.emp_phone as emp_phon5_1_, employee0_.emp_salary as emp_sala6_1_ from employee employee0_
2022-01-19 11:05:09 [pool-3-thread-3] DEBUG org.hibernate.SQL select employee0_.emp_id as emp_id1_1_, employee0_.emp_address as emp_addr2_1_, employee0_.emp_designation as emp_desi3_1_, employee0_.emp_name as emp_name4_1_, employee0_.emp_phone as emp_phon5_1_, employee0_.emp_salary as emp_sala6_1_ from employee employee0_
2022-01-19 11:05:09 [http-nio-8081-exec-6] DEBUG org.hibernate.SQL update employee set emp_address=?, emp_designation=?, emp_name=?, emp_phone=?, emp_salary=? where emp_id=?
2022-01-19 11:05:09 [http-nio-8081-exec-6] DEBUG org.hibernate.SQL update employee set emp_address=?, emp_designation=?, emp_name=?, emp_phone=?, emp_salary=? where emp_id=?
2022-01-19 11:05:09 [http-nio-8081-exec-6] DEBUG org.hibernate.SQL update employee set emp_address=?, emp_designation=?, emp_name=?, emp_phone=?, emp_salary=? where emp_id=?
2022-01-19 11:06:00 [main] INFO  c.c.e.EmployeePortalApplication Starting EmployeePortalApplication using Java 11.0.7 on Clairvoyant-266 with PID 1112 (C:\Ashlesha\Workspace\employee-portal\target\classes started by Ashlesha Parise in C:\Ashlesha\Workspace\employee-portal)
2022-01-19 11:06:00 [main] INFO  c.c.e.EmployeePortalApplication No active profile set, falling back to default profiles: default
2022-01-19 11:06:02 [main] INFO  o.s.d.r.c.RepositoryConfigurationDelegate Bootstrapping Spring Data JPA repositories in DEFAULT mode.
2022-01-19 11:06:02 [main] INFO  o.s.d.r.c.RepositoryConfigurationDelegate Finished Spring Data repository scanning in 7 ms. Found 0 JPA repository interfaces.
2022-01-19 11:06:02 [main] INFO  o.s.d.r.c.RepositoryConfigurationDelegate Bootstrapping Spring Data JPA repositories in DEFAULT mode.
2022-01-19 11:06:02 [main] INFO  o.s.d.r.c.RepositoryConfigurationDelegate Finished Spring Data repository scanning in 74 ms. Found 3 JPA repository interfaces.
2022-01-19 11:06:02 [main] INFO  o.s.c.s.PostProcessorRegistrationDelegate$BeanPostProcessorChecker Bean 'asyncExceptionHandler' of type [com.cla.employeeportaldemo.exception.AsyncExceptionHandler] is not eligible for getting processed by all BeanPostProcessors (for example: not eligible for auto-proxying)
2022-01-19 11:06:02 [main] INFO  o.s.c.s.PostProcessorRegistrationDelegate$BeanPostProcessorChecker Bean 'asyncConfiguration' of type [com.cla.employeeportaldemo.config.AsyncConfiguration$$EnhancerBySpringCGLIB$$3a95ecf2] is not eligible for getting processed by all BeanPostProcessors (for example: not eligible for auto-proxying)
2022-01-19 11:06:04 [main] INFO  o.s.b.w.e.tomcat.TomcatWebServer Tomcat initialized with port(s): 8081 (http)
2022-01-19 11:06:04 [main] INFO  o.a.catalina.core.StandardService Starting service [Tomcat]
2022-01-19 11:06:04 [main] INFO  o.a.catalina.core.StandardEngine Starting Servlet engine: [Apache Tomcat/9.0.55]
2022-01-19 11:06:04 [main] INFO  o.a.c.c.C.[Tomcat].[localhost].[/] Initializing Spring embedded WebApplicationContext
2022-01-19 11:06:04 [main] INFO  o.s.b.w.s.c.ServletWebServerApplicationContext Root WebApplicationContext: initialization completed in 3321 ms
2022-01-19 11:06:04 [main] INFO  o.h.jpa.internal.util.LogHelper HHH000204: Processing PersistenceUnitInfo [name: default]
2022-01-19 11:06:04 [main] INFO  org.hibernate.Version HHH000412: Hibernate ORM core version 5.6.1.Final
2022-01-19 11:06:05 [main] INFO  o.h.annotations.common.Version HCANN000001: Hibernate Commons Annotations {5.1.2.Final}
2022-01-19 11:06:05 [main] INFO  com.zaxxer.hikari.HikariDataSource HikariPool-1 - Starting...
2022-01-19 11:06:05 [main] INFO  com.zaxxer.hikari.HikariDataSource HikariPool-1 - Start completed.
2022-01-19 11:06:05 [main] INFO  org.hibernate.dialect.Dialect HHH000400: Using dialect: org.hibernate.dialect.MySQLInnoDBDialect
2022-01-19 11:06:07 [main] INFO  o.h.e.t.j.p.i.JtaPlatformInitiator HHH000490: Using JtaPlatform implementation: [org.hibernate.engine.transaction.jta.platform.internal.NoJtaPlatform]
2022-01-19 11:06:07 [main] INFO  o.s.o.j.LocalContainerEntityManagerFactoryBean Initialized JPA EntityManagerFactory for persistence unit 'default'
2022-01-19 11:06:07 [main] WARN  net.sf.ehcache.CacheManager One or more caches require a DiskStore but there is no diskStore element configured. Using the default disk store path of C:\Users\ASHLES~1\AppData\Local\Temp\. Please explicitly configure the diskStore element in ehcache.xml.
2022-01-19 11:06:08 [main] WARN  o.s.b.a.o.j.JpaBaseConfiguration$JpaWebConfiguration spring.jpa.open-in-view is enabled by default. Therefore, database queries may be performed during view rendering. Explicitly configure spring.jpa.open-in-view to disable this warning
2022-01-19 11:06:08 [main] INFO  s.d.s.w.PropertySourcedRequestMappingHandlerMapping Mapped URL path [/v2/api-docs] onto method [springfox.documentation.swagger2.web.Swagger2Controller#getDocumentation(String, HttpServletRequest)]
2022-01-19 11:06:09 [main] INFO  o.s.b.w.e.tomcat.TomcatWebServer Tomcat started on port(s): 8081 (http) with context path ''
2022-01-19 11:06:09 [main] INFO  s.d.s.w.p.DocumentationPluginsBootstrapper Context refreshed
2022-01-19 11:06:09 [main] INFO  s.d.s.w.p.DocumentationPluginsBootstrapper Found 1 custom documentation plugin(s)
2022-01-19 11:06:09 [main] INFO  s.d.s.w.s.ApiListingReferenceScanner Scanning for api listing references
2022-01-19 11:06:09 [main] INFO  s.d.s.w.r.o.CachingOperationNameGenerator Generating unique operation named: findEmployeeDetailsUsingGET_1
2022-01-19 11:06:09 [main] INFO  c.c.e.EmployeePortalApplication Started EmployeePortalApplication in 10.153 seconds (JVM running for 11.518)
2022-01-19 11:07:24 [http-nio-8081-exec-2] INFO  o.a.c.c.C.[Tomcat].[localhost].[/] Initializing Spring DispatcherServlet 'dispatcherServlet'
2022-01-19 11:07:24 [http-nio-8081-exec-2] INFO  o.s.web.servlet.DispatcherServlet Initializing Servlet 'dispatcherServlet'
2022-01-19 11:07:24 [http-nio-8081-exec-2] INFO  o.s.web.servlet.DispatcherServlet Completed initialization in 7 ms
2022-01-19 11:07:25 [http-nio-8081-exec-2] DEBUG org.hibernate.SQL select employee0_.emp_id as emp_id1_1_, employee0_.emp_address as emp_addr2_1_, employee0_.emp_designation as emp_desi3_1_, employee0_.emp_name as emp_name4_1_, employee0_.emp_phone as emp_phon5_1_, employee0_.emp_salary as emp_sala6_1_ from employee employee0_
2022-01-19 11:07:25 [pool-1-thread-1] DEBUG org.hibernate.SQL select employee0_.emp_id as emp_id1_1_, employee0_.emp_address as emp_addr2_1_, employee0_.emp_designation as emp_desi3_1_, employee0_.emp_name as emp_name4_1_, employee0_.emp_phone as emp_phon5_1_, employee0_.emp_salary as emp_sala6_1_ from employee employee0_
2022-01-19 11:07:25 [pool-1-thread-2] DEBUG org.hibernate.SQL select employee0_.emp_id as emp_id1_1_, employee0_.emp_address as emp_addr2_1_, employee0_.emp_designation as emp_desi3_1_, employee0_.emp_name as emp_name4_1_, employee0_.emp_phone as emp_phon5_1_, employee0_.emp_salary as emp_sala6_1_ from employee employee0_
2022-01-19 11:07:25 [pool-1-thread-3] DEBUG org.hibernate.SQL select employee0_.emp_id as emp_id1_1_, employee0_.emp_address as emp_addr2_1_, employee0_.emp_designation as emp_desi3_1_, employee0_.emp_name as emp_name4_1_, employee0_.emp_phone as emp_phon5_1_, employee0_.emp_salary as emp_sala6_1_ from employee employee0_
2022-01-19 11:08:01 [http-nio-8081-exec-3] DEBUG org.hibernate.SQL select employee0_.emp_id as emp_id1_1_, employee0_.emp_address as emp_addr2_1_, employee0_.emp_designation as emp_desi3_1_, employee0_.emp_name as emp_name4_1_, employee0_.emp_phone as emp_phon5_1_, employee0_.emp_salary as emp_sala6_1_ from employee employee0_
2022-01-19 11:08:01 [pool-2-thread-3] DEBUG org.hibernate.SQL select employee0_.emp_id as emp_id1_1_, employee0_.emp_address as emp_addr2_1_, employee0_.emp_designation as emp_desi3_1_, employee0_.emp_name as emp_name4_1_, employee0_.emp_phone as emp_phon5_1_, employee0_.emp_salary as emp_sala6_1_ from employee employee0_
2022-01-19 11:08:01 [pool-2-thread-1] DEBUG org.hibernate.SQL select employee0_.emp_id as emp_id1_1_, employee0_.emp_address as emp_addr2_1_, employee0_.emp_designation as emp_desi3_1_, employee0_.emp_name as emp_name4_1_, employee0_.emp_phone as emp_phon5_1_, employee0_.emp_salary as emp_sala6_1_ from employee employee0_
2022-01-19 11:08:01 [pool-2-thread-2] DEBUG org.hibernate.SQL select employee0_.emp_id as emp_id1_1_, employee0_.emp_address as emp_addr2_1_, employee0_.emp_designation as emp_desi3_1_, employee0_.emp_name as emp_name4_1_, employee0_.emp_phone as emp_phon5_1_, employee0_.emp_salary as emp_sala6_1_ from employee employee0_
2022-01-19 11:08:16 [http-nio-8081-exec-4] DEBUG org.hibernate.SQL select employee0_.emp_id as emp_id1_1_, employee0_.emp_address as emp_addr2_1_, employee0_.emp_designation as emp_desi3_1_, employee0_.emp_name as emp_name4_1_, employee0_.emp_phone as emp_phon5_1_, employee0_.emp_salary as emp_sala6_1_ from employee employee0_
2022-01-19 11:08:16 [pool-3-thread-3] DEBUG org.hibernate.SQL select employee0_.emp_id as emp_id1_1_, employee0_.emp_address as emp_addr2_1_, employee0_.emp_designation as emp_desi3_1_, employee0_.emp_name as emp_name4_1_, employee0_.emp_phone as emp_phon5_1_, employee0_.emp_salary as emp_sala6_1_ from employee employee0_
2022-01-19 11:08:16 [pool-3-thread-1] DEBUG org.hibernate.SQL select employee0_.emp_id as emp_id1_1_, employee0_.emp_address as emp_addr2_1_, employee0_.emp_designation as emp_desi3_1_, employee0_.emp_name as emp_name4_1_, employee0_.emp_phone as emp_phon5_1_, employee0_.emp_salary as emp_sala6_1_ from employee employee0_
2022-01-19 11:08:16 [pool-3-thread-2] DEBUG org.hibernate.SQL select employee0_.emp_id as emp_id1_1_, employee0_.emp_address as emp_addr2_1_, employee0_.emp_designation as emp_desi3_1_, employee0_.emp_name as emp_name4_1_, employee0_.emp_phone as emp_phon5_1_, employee0_.emp_salary as emp_sala6_1_ from employee employee0_
2022-01-19 11:09:06 [main] INFO  c.c.e.EmployeePortalApplication Starting EmployeePortalApplication using Java 11.0.7 on Clairvoyant-266 with PID 13872 (C:\Ashlesha\Workspace\employee-portal\target\classes started by Ashlesha Parise in C:\Ashlesha\Workspace\employee-portal)
2022-01-19 11:09:06 [main] INFO  c.c.e.EmployeePortalApplication No active profile set, falling back to default profiles: default
2022-01-19 11:09:07 [main] INFO  o.s.d.r.c.RepositoryConfigurationDelegate Bootstrapping Spring Data JPA repositories in DEFAULT mode.
2022-01-19 11:09:07 [main] INFO  o.s.d.r.c.RepositoryConfigurationDelegate Finished Spring Data repository scanning in 8 ms. Found 0 JPA repository interfaces.
2022-01-19 11:09:07 [main] INFO  o.s.d.r.c.RepositoryConfigurationDelegate Bootstrapping Spring Data JPA repositories in DEFAULT mode.
2022-01-19 11:09:07 [main] INFO  o.s.d.r.c.RepositoryConfigurationDelegate Finished Spring Data repository scanning in 68 ms. Found 3 JPA repository interfaces.
2022-01-19 11:09:08 [main] INFO  o.s.c.s.PostProcessorRegistrationDelegate$BeanPostProcessorChecker Bean 'asyncExceptionHandler' of type [com.cla.employeeportaldemo.exception.AsyncExceptionHandler] is not eligible for getting processed by all BeanPostProcessors (for example: not eligible for auto-proxying)
2022-01-19 11:09:08 [main] INFO  o.s.c.s.PostProcessorRegistrationDelegate$BeanPostProcessorChecker Bean 'asyncConfiguration' of type [com.cla.employeeportaldemo.config.AsyncConfiguration$$EnhancerBySpringCGLIB$$3a95ecf2] is not eligible for getting processed by all BeanPostProcessors (for example: not eligible for auto-proxying)
2022-01-19 11:09:09 [main] INFO  o.s.b.w.e.tomcat.TomcatWebServer Tomcat initialized with port(s): 8081 (http)
2022-01-19 11:09:09 [main] INFO  o.a.catalina.core.StandardService Starting service [Tomcat]
2022-01-19 11:09:09 [main] INFO  o.a.catalina.core.StandardEngine Starting Servlet engine: [Apache Tomcat/9.0.55]
2022-01-19 11:09:10 [main] INFO  o.a.c.c.C.[Tomcat].[localhost].[/] Initializing Spring embedded WebApplicationContext
2022-01-19 11:09:10 [main] INFO  o.s.b.w.s.c.ServletWebServerApplicationContext Root WebApplicationContext: initialization completed in 3623 ms
2022-01-19 11:09:10 [main] INFO  o.h.jpa.internal.util.LogHelper HHH000204: Processing PersistenceUnitInfo [name: default]
2022-01-19 11:09:10 [main] INFO  org.hibernate.Version HHH000412: Hibernate ORM core version 5.6.1.Final
2022-01-19 11:09:10 [main] INFO  o.h.annotations.common.Version HCANN000001: Hibernate Commons Annotations {5.1.2.Final}
2022-01-19 11:09:11 [main] INFO  com.zaxxer.hikari.HikariDataSource HikariPool-1 - Starting...
2022-01-19 11:09:11 [main] INFO  com.zaxxer.hikari.HikariDataSource HikariPool-1 - Start completed.
2022-01-19 11:09:11 [main] INFO  org.hibernate.dialect.Dialect HHH000400: Using dialect: org.hibernate.dialect.MySQLInnoDBDialect
2022-01-19 11:09:12 [main] INFO  o.h.e.t.j.p.i.JtaPlatformInitiator HHH000490: Using JtaPlatform implementation: [org.hibernate.engine.transaction.jta.platform.internal.NoJtaPlatform]
2022-01-19 11:09:12 [main] INFO  o.s.o.j.LocalContainerEntityManagerFactoryBean Initialized JPA EntityManagerFactory for persistence unit 'default'
2022-01-19 11:09:13 [main] WARN  net.sf.ehcache.CacheManager One or more caches require a DiskStore but there is no diskStore element configured. Using the default disk store path of C:\Users\ASHLES~1\AppData\Local\Temp\. Please explicitly configure the diskStore element in ehcache.xml.
2022-01-19 11:09:14 [main] WARN  o.s.b.a.o.j.JpaBaseConfiguration$JpaWebConfiguration spring.jpa.open-in-view is enabled by default. Therefore, database queries may be performed during view rendering. Explicitly configure spring.jpa.open-in-view to disable this warning
2022-01-19 11:09:14 [main] INFO  s.d.s.w.PropertySourcedRequestMappingHandlerMapping Mapped URL path [/v2/api-docs] onto method [springfox.documentation.swagger2.web.Swagger2Controller#getDocumentation(String, HttpServletRequest)]
2022-01-19 11:09:14 [main] INFO  o.s.b.w.e.tomcat.TomcatWebServer Tomcat started on port(s): 8081 (http) with context path ''
2022-01-19 11:09:14 [main] INFO  s.d.s.w.p.DocumentationPluginsBootstrapper Context refreshed
2022-01-19 11:09:14 [main] INFO  s.d.s.w.p.DocumentationPluginsBootstrapper Found 1 custom documentation plugin(s)
2022-01-19 11:09:14 [main] INFO  s.d.s.w.s.ApiListingReferenceScanner Scanning for api listing references
2022-01-19 11:09:15 [main] INFO  s.d.s.w.r.o.CachingOperationNameGenerator Generating unique operation named: findEmployeeDetailsUsingGET_1
2022-01-19 11:09:15 [main] INFO  c.c.e.EmployeePortalApplication Started EmployeePortalApplication in 9.899 seconds (JVM running for 10.904)
2022-01-19 11:09:18 [http-nio-8081-exec-1] INFO  o.a.c.c.C.[Tomcat].[localhost].[/] Initializing Spring DispatcherServlet 'dispatcherServlet'
2022-01-19 11:09:18 [http-nio-8081-exec-1] INFO  o.s.web.servlet.DispatcherServlet Initializing Servlet 'dispatcherServlet'
2022-01-19 11:09:18 [http-nio-8081-exec-1] INFO  o.s.web.servlet.DispatcherServlet Completed initialization in 2 ms
2022-01-19 11:09:18 [http-nio-8081-exec-1] DEBUG org.hibernate.SQL select employee0_.emp_id as emp_id1_1_, employee0_.emp_address as emp_addr2_1_, employee0_.emp_designation as emp_desi3_1_, employee0_.emp_name as emp_name4_1_, employee0_.emp_phone as emp_phon5_1_, employee0_.emp_salary as emp_sala6_1_ from employee employee0_
2022-01-19 11:09:19 [pool-1-thread-1] DEBUG org.hibernate.SQL select employee0_.emp_id as emp_id1_1_, employee0_.emp_address as emp_addr2_1_, employee0_.emp_designation as emp_desi3_1_, employee0_.emp_name as emp_name4_1_, employee0_.emp_phone as emp_phon5_1_, employee0_.emp_salary as emp_sala6_1_ from employee employee0_
2022-01-19 11:09:19 [pool-1-thread-2] DEBUG org.hibernate.SQL select employee0_.emp_id as emp_id1_1_, employee0_.emp_address as emp_addr2_1_, employee0_.emp_designation as emp_desi3_1_, employee0_.emp_name as emp_name4_1_, employee0_.emp_phone as emp_phon5_1_, employee0_.emp_salary as emp_sala6_1_ from employee employee0_
2022-01-19 11:09:19 [pool-1-thread-3] DEBUG org.hibernate.SQL select employee0_.emp_id as emp_id1_1_, employee0_.emp_address as emp_addr2_1_, employee0_.emp_designation as emp_desi3_1_, employee0_.emp_name as emp_name4_1_, employee0_.emp_phone as emp_phon5_1_, employee0_.emp_salary as emp_sala6_1_ from employee employee0_
2022-01-19 11:10:10 [main] INFO  c.c.e.EmployeePortalApplication Starting EmployeePortalApplication using Java 11.0.7 on Clairvoyant-266 with PID 17360 (C:\Ashlesha\Workspace\employee-portal\target\classes started by Ashlesha Parise in C:\Ashlesha\Workspace\employee-portal)
2022-01-19 11:10:10 [main] INFO  c.c.e.EmployeePortalApplication No active profile set, falling back to default profiles: default
2022-01-19 11:10:12 [main] INFO  o.s.d.r.c.RepositoryConfigurationDelegate Bootstrapping Spring Data JPA repositories in DEFAULT mode.
2022-01-19 11:10:12 [main] INFO  o.s.d.r.c.RepositoryConfigurationDelegate Finished Spring Data repository scanning in 11 ms. Found 0 JPA repository interfaces.
2022-01-19 11:10:12 [main] INFO  o.s.d.r.c.RepositoryConfigurationDelegate Bootstrapping Spring Data JPA repositories in DEFAULT mode.
2022-01-19 11:10:12 [main] INFO  o.s.d.r.c.RepositoryConfigurationDelegate Finished Spring Data repository scanning in 105 ms. Found 3 JPA repository interfaces.
2022-01-19 11:10:13 [main] INFO  o.s.c.s.PostProcessorRegistrationDelegate$BeanPostProcessorChecker Bean 'asyncExceptionHandler' of type [com.cla.employeeportaldemo.exception.AsyncExceptionHandler] is not eligible for getting processed by all BeanPostProcessors (for example: not eligible for auto-proxying)
2022-01-19 11:10:13 [main] INFO  o.s.c.s.PostProcessorRegistrationDelegate$BeanPostProcessorChecker Bean 'asyncConfiguration' of type [com.cla.employeeportaldemo.config.AsyncConfiguration$$EnhancerBySpringCGLIB$$1f06a231] is not eligible for getting processed by all BeanPostProcessors (for example: not eligible for auto-proxying)
2022-01-19 11:10:14 [main] INFO  o.s.b.w.e.tomcat.TomcatWebServer Tomcat initialized with port(s): 8081 (http)
2022-01-19 11:10:14 [main] INFO  o.a.catalina.core.StandardService Starting service [Tomcat]
2022-01-19 11:10:14 [main] INFO  o.a.catalina.core.StandardEngine Starting Servlet engine: [Apache Tomcat/9.0.55]
2022-01-19 11:10:14 [main] INFO  o.a.c.c.C.[Tomcat].[localhost].[/] Initializing Spring embedded WebApplicationContext
2022-01-19 11:10:14 [main] INFO  o.s.b.w.s.c.ServletWebServerApplicationContext Root WebApplicationContext: initialization completed in 3407 ms
2022-01-19 11:10:14 [main] INFO  o.h.jpa.internal.util.LogHelper HHH000204: Processing PersistenceUnitInfo [name: default]
2022-01-19 11:10:14 [main] INFO  org.hibernate.Version HHH000412: Hibernate ORM core version 5.6.1.Final
2022-01-19 11:10:15 [main] INFO  o.h.annotations.common.Version HCANN000001: Hibernate Commons Annotations {5.1.2.Final}
2022-01-19 11:10:15 [main] INFO  com.zaxxer.hikari.HikariDataSource HikariPool-1 - Starting...
2022-01-19 11:10:15 [main] INFO  com.zaxxer.hikari.HikariDataSource HikariPool-1 - Start completed.
2022-01-19 11:10:15 [main] INFO  org.hibernate.dialect.Dialect HHH000400: Using dialect: org.hibernate.dialect.MySQLInnoDBDialect
2022-01-19 11:10:16 [main] INFO  o.h.e.t.j.p.i.JtaPlatformInitiator HHH000490: Using JtaPlatform implementation: [org.hibernate.engine.transaction.jta.platform.internal.NoJtaPlatform]
2022-01-19 11:10:16 [main] INFO  o.s.o.j.LocalContainerEntityManagerFactoryBean Initialized JPA EntityManagerFactory for persistence unit 'default'
2022-01-19 11:10:17 [main] WARN  net.sf.ehcache.CacheManager One or more caches require a DiskStore but there is no diskStore element configured. Using the default disk store path of C:\Users\ASHLES~1\AppData\Local\Temp\. Please explicitly configure the diskStore element in ehcache.xml.
2022-01-19 11:10:18 [main] WARN  o.s.b.a.o.j.JpaBaseConfiguration$JpaWebConfiguration spring.jpa.open-in-view is enabled by default. Therefore, database queries may be performed during view rendering. Explicitly configure spring.jpa.open-in-view to disable this warning
2022-01-19 11:10:18 [main] INFO  s.d.s.w.PropertySourcedRequestMappingHandlerMapping Mapped URL path [/v2/api-docs] onto method [springfox.documentation.swagger2.web.Swagger2Controller#getDocumentation(String, HttpServletRequest)]
2022-01-19 11:10:18 [main] INFO  o.s.b.w.e.tomcat.TomcatWebServer Tomcat started on port(s): 8081 (http) with context path ''
2022-01-19 11:10:18 [main] INFO  s.d.s.w.p.DocumentationPluginsBootstrapper Context refreshed
2022-01-19 11:10:18 [main] INFO  s.d.s.w.p.DocumentationPluginsBootstrapper Found 1 custom documentation plugin(s)
2022-01-19 11:10:19 [main] INFO  s.d.s.w.s.ApiListingReferenceScanner Scanning for api listing references
2022-01-19 11:10:19 [main] INFO  s.d.s.w.r.o.CachingOperationNameGenerator Generating unique operation named: findEmployeeDetailsUsingGET_1
2022-01-19 11:10:19 [main] INFO  c.c.e.EmployeePortalApplication Started EmployeePortalApplication in 9.288 seconds (JVM running for 10.123)
2022-01-19 11:10:34 [http-nio-8081-exec-1] INFO  o.a.c.c.C.[Tomcat].[localhost].[/] Initializing Spring DispatcherServlet 'dispatcherServlet'
2022-01-19 11:10:34 [http-nio-8081-exec-1] INFO  o.s.web.servlet.DispatcherServlet Initializing Servlet 'dispatcherServlet'
2022-01-19 11:10:34 [http-nio-8081-exec-1] INFO  o.s.web.servlet.DispatcherServlet Completed initialization in 3 ms
2022-01-19 11:10:34 [http-nio-8081-exec-1] DEBUG org.hibernate.SQL select employee0_.emp_id as emp_id1_1_, employee0_.emp_address as emp_addr2_1_, employee0_.emp_designation as emp_desi3_1_, employee0_.emp_name as emp_name4_1_, employee0_.emp_phone as emp_phon5_1_, employee0_.emp_salary as emp_sala6_1_ from employee employee0_
2022-01-19 11:10:34 [pool-1-thread-1] DEBUG org.hibernate.SQL select employee0_.emp_id as emp_id1_1_, employee0_.emp_address as emp_addr2_1_, employee0_.emp_designation as emp_desi3_1_, employee0_.emp_name as emp_name4_1_, employee0_.emp_phone as emp_phon5_1_, employee0_.emp_salary as emp_sala6_1_ from employee employee0_
2022-01-19 11:10:34 [pool-1-thread-3] DEBUG org.hibernate.SQL select employee0_.emp_id as emp_id1_1_, employee0_.emp_address as emp_addr2_1_, employee0_.emp_designation as emp_desi3_1_, employee0_.emp_name as emp_name4_1_, employee0_.emp_phone as emp_phon5_1_, employee0_.emp_salary as emp_sala6_1_ from employee employee0_
2022-01-19 11:10:34 [pool-1-thread-2] DEBUG org.hibernate.SQL select employee0_.emp_id as emp_id1_1_, employee0_.emp_address as emp_addr2_1_, employee0_.emp_designation as emp_desi3_1_, employee0_.emp_name as emp_name4_1_, employee0_.emp_phone as emp_phon5_1_, employee0_.emp_salary as emp_sala6_1_ from employee employee0_
2022-01-19 11:10:49 [http-nio-8081-exec-3] DEBUG org.hibernate.SQL select employee0_.emp_id as emp_id1_1_, employee0_.emp_address as emp_addr2_1_, employee0_.emp_designation as emp_desi3_1_, employee0_.emp_name as emp_name4_1_, employee0_.emp_phone as emp_phon5_1_, employee0_.emp_salary as emp_sala6_1_ from employee employee0_
2022-01-19 11:10:49 [pool-2-thread-3] DEBUG org.hibernate.SQL select employee0_.emp_id as emp_id1_1_, employee0_.emp_address as emp_addr2_1_, employee0_.emp_designation as emp_desi3_1_, employee0_.emp_name as emp_name4_1_, employee0_.emp_phone as emp_phon5_1_, employee0_.emp_salary as emp_sala6_1_ from employee employee0_
2022-01-19 11:10:49 [pool-2-thread-1] DEBUG org.hibernate.SQL select employee0_.emp_id as emp_id1_1_, employee0_.emp_address as emp_addr2_1_, employee0_.emp_designation as emp_desi3_1_, employee0_.emp_name as emp_name4_1_, employee0_.emp_phone as emp_phon5_1_, employee0_.emp_salary as emp_sala6_1_ from employee employee0_
2022-01-19 11:10:49 [pool-2-thread-2] DEBUG org.hibernate.SQL select employee0_.emp_id as emp_id1_1_, employee0_.emp_address as emp_addr2_1_, employee0_.emp_designation as emp_desi3_1_, employee0_.emp_name as emp_name4_1_, employee0_.emp_phone as emp_phon5_1_, employee0_.emp_salary as emp_sala6_1_ from employee employee0_
2022-01-19 11:11:07 [http-nio-8081-exec-4] DEBUG org.hibernate.SQL select employee0_.emp_id as emp_id1_1_, employee0_.emp_address as emp_addr2_1_, employee0_.emp_designation as emp_desi3_1_, employee0_.emp_name as emp_name4_1_, employee0_.emp_phone as emp_phon5_1_, employee0_.emp_salary as emp_sala6_1_ from employee employee0_
2022-01-19 11:11:07 [pool-3-thread-1] DEBUG org.hibernate.SQL select employee0_.emp_id as emp_id1_1_, employee0_.emp_address as emp_addr2_1_, employee0_.emp_designation as emp_desi3_1_, employee0_.emp_name as emp_name4_1_, employee0_.emp_phone as emp_phon5_1_, employee0_.emp_salary as emp_sala6_1_ from employee employee0_
2022-01-19 11:11:07 [pool-3-thread-3] DEBUG org.hibernate.SQL select employee0_.emp_id as emp_id1_1_, employee0_.emp_address as emp_addr2_1_, employee0_.emp_designation as emp_desi3_1_, employee0_.emp_name as emp_name4_1_, employee0_.emp_phone as emp_phon5_1_, employee0_.emp_salary as emp_sala6_1_ from employee employee0_
2022-01-19 11:11:07 [pool-3-thread-2] DEBUG org.hibernate.SQL select employee0_.emp_id as emp_id1_1_, employee0_.emp_address as emp_addr2_1_, employee0_.emp_designation as emp_desi3_1_, employee0_.emp_name as emp_name4_1_, employee0_.emp_phone as emp_phon5_1_, employee0_.emp_salary as emp_sala6_1_ from employee employee0_
2022-01-19 11:11:39 [main] INFO  c.c.e.EmployeePortalApplication Starting EmployeePortalApplication using Java 11.0.7 on Clairvoyant-266 with PID 22996 (C:\Ashlesha\Workspace\employee-portal\target\classes started by Ashlesha Parise in C:\Ashlesha\Workspace\employee-portal)
2022-01-19 11:11:39 [main] INFO  c.c.e.EmployeePortalApplication No active profile set, falling back to default profiles: default
2022-01-19 11:11:40 [main] INFO  o.s.d.r.c.RepositoryConfigurationDelegate Bootstrapping Spring Data JPA repositories in DEFAULT mode.
2022-01-19 11:11:40 [main] INFO  o.s.d.r.c.RepositoryConfigurationDelegate Finished Spring Data repository scanning in 7 ms. Found 0 JPA repository interfaces.
2022-01-19 11:11:40 [main] INFO  o.s.d.r.c.RepositoryConfigurationDelegate Bootstrapping Spring Data JPA repositories in DEFAULT mode.
2022-01-19 11:11:40 [main] INFO  o.s.d.r.c.RepositoryConfigurationDelegate Finished Spring Data repository scanning in 75 ms. Found 3 JPA repository interfaces.
2022-01-19 11:11:41 [main] INFO  o.s.c.s.PostProcessorRegistrationDelegate$BeanPostProcessorChecker Bean 'asyncExceptionHandler' of type [com.cla.employeeportaldemo.exception.AsyncExceptionHandler] is not eligible for getting processed by all BeanPostProcessors (for example: not eligible for auto-proxying)
2022-01-19 11:11:41 [main] INFO  o.s.c.s.PostProcessorRegistrationDelegate$BeanPostProcessorChecker Bean 'asyncConfiguration' of type [com.cla.employeeportaldemo.config.AsyncConfiguration$$EnhancerBySpringCGLIB$$e028906b] is not eligible for getting processed by all BeanPostProcessors (for example: not eligible for auto-proxying)
2022-01-19 11:11:42 [main] INFO  o.s.b.w.e.tomcat.TomcatWebServer Tomcat initialized with port(s): 8081 (http)
2022-01-19 11:11:42 [main] INFO  o.a.catalina.core.StandardService Starting service [Tomcat]
2022-01-19 11:11:42 [main] INFO  o.a.catalina.core.StandardEngine Starting Servlet engine: [Apache Tomcat/9.0.55]
2022-01-19 11:11:42 [main] INFO  o.a.c.c.C.[Tomcat].[localhost].[/] Initializing Spring embedded WebApplicationContext
2022-01-19 11:11:42 [main] INFO  o.s.b.w.s.c.ServletWebServerApplicationContext Root WebApplicationContext: initialization completed in 3471 ms
2022-01-19 11:11:43 [main] INFO  o.h.jpa.internal.util.LogHelper HHH000204: Processing PersistenceUnitInfo [name: default]
2022-01-19 11:11:43 [main] INFO  org.hibernate.Version HHH000412: Hibernate ORM core version 5.6.1.Final
2022-01-19 11:11:43 [main] INFO  o.h.annotations.common.Version HCANN000001: Hibernate Commons Annotations {5.1.2.Final}
2022-01-19 11:11:43 [main] INFO  com.zaxxer.hikari.HikariDataSource HikariPool-1 - Starting...
2022-01-19 11:11:44 [main] INFO  com.zaxxer.hikari.HikariDataSource HikariPool-1 - Start completed.
2022-01-19 11:11:44 [main] INFO  org.hibernate.dialect.Dialect HHH000400: Using dialect: org.hibernate.dialect.MySQLInnoDBDialect
2022-01-19 11:11:45 [main] INFO  o.h.e.t.j.p.i.JtaPlatformInitiator HHH000490: Using JtaPlatform implementation: [org.hibernate.engine.transaction.jta.platform.internal.NoJtaPlatform]
2022-01-19 11:11:45 [main] INFO  o.s.o.j.LocalContainerEntityManagerFactoryBean Initialized JPA EntityManagerFactory for persistence unit 'default'
2022-01-19 11:11:46 [main] WARN  net.sf.ehcache.CacheManager One or more caches require a DiskStore but there is no diskStore element configured. Using the default disk store path of C:\Users\ASHLES~1\AppData\Local\Temp\. Please explicitly configure the diskStore element in ehcache.xml.
2022-01-19 11:11:46 [main] WARN  o.s.b.a.o.j.JpaBaseConfiguration$JpaWebConfiguration spring.jpa.open-in-view is enabled by default. Therefore, database queries may be performed during view rendering. Explicitly configure spring.jpa.open-in-view to disable this warning
2022-01-19 11:11:47 [main] INFO  s.d.s.w.PropertySourcedRequestMappingHandlerMapping Mapped URL path [/v2/api-docs] onto method [springfox.documentation.swagger2.web.Swagger2Controller#getDocumentation(String, HttpServletRequest)]
2022-01-19 11:11:47 [main] INFO  o.s.b.w.e.tomcat.TomcatWebServer Tomcat started on port(s): 8081 (http) with context path ''
2022-01-19 11:11:47 [main] INFO  s.d.s.w.p.DocumentationPluginsBootstrapper Context refreshed
2022-01-19 11:11:47 [main] INFO  s.d.s.w.p.DocumentationPluginsBootstrapper Found 1 custom documentation plugin(s)
2022-01-19 11:11:47 [main] INFO  s.d.s.w.s.ApiListingReferenceScanner Scanning for api listing references
2022-01-19 11:11:48 [main] INFO  s.d.s.w.r.o.CachingOperationNameGenerator Generating unique operation named: findEmployeeDetailsUsingGET_1
2022-01-19 11:11:48 [main] INFO  c.c.e.EmployeePortalApplication Started EmployeePortalApplication in 9.627 seconds (JVM running for 10.528)
2022-01-19 11:11:52 [http-nio-8081-exec-2] INFO  o.a.c.c.C.[Tomcat].[localhost].[/] Initializing Spring DispatcherServlet 'dispatcherServlet'
2022-01-19 11:11:52 [http-nio-8081-exec-2] INFO  o.s.web.servlet.DispatcherServlet Initializing Servlet 'dispatcherServlet'
2022-01-19 11:11:52 [http-nio-8081-exec-2] INFO  o.s.web.servlet.DispatcherServlet Completed initialization in 3 ms
2022-01-19 11:11:52 [http-nio-8081-exec-2] DEBUG org.hibernate.SQL select employee0_.emp_id as emp_id1_1_, employee0_.emp_address as emp_addr2_1_, employee0_.emp_designation as emp_desi3_1_, employee0_.emp_name as emp_name4_1_, employee0_.emp_phone as emp_phon5_1_, employee0_.emp_salary as emp_sala6_1_ from employee employee0_
2022-01-19 11:11:53 [pool-1-thread-1] DEBUG org.hibernate.SQL select employee0_.emp_id as emp_id1_1_, employee0_.emp_address as emp_addr2_1_, employee0_.emp_designation as emp_desi3_1_, employee0_.emp_name as emp_name4_1_, employee0_.emp_phone as emp_phon5_1_, employee0_.emp_salary as emp_sala6_1_ from employee employee0_
2022-01-19 11:11:53 [pool-1-thread-3] DEBUG org.hibernate.SQL select employee0_.emp_id as emp_id1_1_, employee0_.emp_address as emp_addr2_1_, employee0_.emp_designation as emp_desi3_1_, employee0_.emp_name as emp_name4_1_, employee0_.emp_phone as emp_phon5_1_, employee0_.emp_salary as emp_sala6_1_ from employee employee0_
2022-01-19 11:11:53 [pool-1-thread-2] DEBUG org.hibernate.SQL select employee0_.emp_id as emp_id1_1_, employee0_.emp_address as emp_addr2_1_, employee0_.emp_designation as emp_desi3_1_, employee0_.emp_name as emp_name4_1_, employee0_.emp_phone as emp_phon5_1_, employee0_.emp_salary as emp_sala6_1_ from employee employee0_
2022-01-19 11:12:02 [http-nio-8081-exec-3] DEBUG org.hibernate.SQL select employee0_.emp_id as emp_id1_1_, employee0_.emp_address as emp_addr2_1_, employee0_.emp_designation as emp_desi3_1_, employee0_.emp_name as emp_name4_1_, employee0_.emp_phone as emp_phon5_1_, employee0_.emp_salary as emp_sala6_1_ from employee employee0_
2022-01-19 11:12:02 [pool-2-thread-3] DEBUG org.hibernate.SQL select employee0_.emp_id as emp_id1_1_, employee0_.emp_address as emp_addr2_1_, employee0_.emp_designation as emp_desi3_1_, employee0_.emp_name as emp_name4_1_, employee0_.emp_phone as emp_phon5_1_, employee0_.emp_salary as emp_sala6_1_ from employee employee0_
2022-01-19 11:12:02 [pool-2-thread-1] DEBUG org.hibernate.SQL select employee0_.emp_id as emp_id1_1_, employee0_.emp_address as emp_addr2_1_, employee0_.emp_designation as emp_desi3_1_, employee0_.emp_name as emp_name4_1_, employee0_.emp_phone as emp_phon5_1_, employee0_.emp_salary as emp_sala6_1_ from employee employee0_
2022-01-19 11:12:02 [pool-2-thread-2] DEBUG org.hibernate.SQL select employee0_.emp_id as emp_id1_1_, employee0_.emp_address as emp_addr2_1_, employee0_.emp_designation as emp_desi3_1_, employee0_.emp_name as emp_name4_1_, employee0_.emp_phone as emp_phon5_1_, employee0_.emp_salary as emp_sala6_1_ from employee employee0_
2022-01-19 11:12:11 [http-nio-8081-exec-4] DEBUG org.hibernate.SQL select employee0_.emp_id as emp_id1_1_, employee0_.emp_address as emp_addr2_1_, employee0_.emp_designation as emp_desi3_1_, employee0_.emp_name as emp_name4_1_, employee0_.emp_phone as emp_phon5_1_, employee0_.emp_salary as emp_sala6_1_ from employee employee0_
2022-01-19 11:12:11 [pool-3-thread-1] DEBUG org.hibernate.SQL select employee0_.emp_id as emp_id1_1_, employee0_.emp_address as emp_addr2_1_, employee0_.emp_designation as emp_desi3_1_, employee0_.emp_name as emp_name4_1_, employee0_.emp_phone as emp_phon5_1_, employee0_.emp_salary as emp_sala6_1_ from employee employee0_
2022-01-19 11:12:11 [pool-3-thread-3] DEBUG org.hibernate.SQL select employee0_.emp_id as emp_id1_1_, employee0_.emp_address as emp_addr2_1_, employee0_.emp_designation as emp_desi3_1_, employee0_.emp_name as emp_name4_1_, employee0_.emp_phone as emp_phon5_1_, employee0_.emp_salary as emp_sala6_1_ from employee employee0_
2022-01-19 11:12:11 [pool-3-thread-2] DEBUG org.hibernate.SQL select employee0_.emp_id as emp_id1_1_, employee0_.emp_address as emp_addr2_1_, employee0_.emp_designation as emp_desi3_1_, employee0_.emp_name as emp_name4_1_, employee0_.emp_phone as emp_phon5_1_, employee0_.emp_salary as emp_sala6_1_ from employee employee0_
2022-01-19 11:12:20 [http-nio-8081-exec-5] DEBUG org.hibernate.SQL select employee0_.emp_id as emp_id1_1_, employee0_.emp_address as emp_addr2_1_, employee0_.emp_designation as emp_desi3_1_, employee0_.emp_name as emp_name4_1_, employee0_.emp_phone as emp_phon5_1_, employee0_.emp_salary as emp_sala6_1_ from employee employee0_
2022-01-19 11:12:20 [pool-4-thread-1] DEBUG org.hibernate.SQL select employee0_.emp_id as emp_id1_1_, employee0_.emp_address as emp_addr2_1_, employee0_.emp_designation as emp_desi3_1_, employee0_.emp_name as emp_name4_1_, employee0_.emp_phone as emp_phon5_1_, employee0_.emp_salary as emp_sala6_1_ from employee employee0_
2022-01-19 11:12:20 [pool-4-thread-2] DEBUG org.hibernate.SQL select employee0_.emp_id as emp_id1_1_, employee0_.emp_address as emp_addr2_1_, employee0_.emp_designation as emp_desi3_1_, employee0_.emp_name as emp_name4_1_, employee0_.emp_phone as emp_phon5_1_, employee0_.emp_salary as emp_sala6_1_ from employee employee0_
2022-01-19 11:12:20 [pool-4-thread-3] DEBUG org.hibernate.SQL select employee0_.emp_id as emp_id1_1_, employee0_.emp_address as emp_addr2_1_, employee0_.emp_designation as emp_desi3_1_, employee0_.emp_name as emp_name4_1_, employee0_.emp_phone as emp_phon5_1_, employee0_.emp_salary as emp_sala6_1_ from employee employee0_
2022-01-19 11:14:09 [main] INFO  c.c.e.EmployeePortalApplication Starting EmployeePortalApplication using Java 11.0.7 on Clairvoyant-266 with PID 23172 (C:\Ashlesha\Workspace\employee-portal\target\classes started by Ashlesha Parise in C:\Ashlesha\Workspace\employee-portal)
2022-01-19 11:14:09 [main] INFO  c.c.e.EmployeePortalApplication No active profile set, falling back to default profiles: default
2022-01-19 11:14:11 [main] INFO  o.s.d.r.c.RepositoryConfigurationDelegate Bootstrapping Spring Data JPA repositories in DEFAULT mode.
2022-01-19 11:14:11 [main] INFO  o.s.d.r.c.RepositoryConfigurationDelegate Finished Spring Data repository scanning in 8 ms. Found 0 JPA repository interfaces.
2022-01-19 11:14:11 [main] INFO  o.s.d.r.c.RepositoryConfigurationDelegate Bootstrapping Spring Data JPA repositories in DEFAULT mode.
2022-01-19 11:14:11 [main] INFO  o.s.d.r.c.RepositoryConfigurationDelegate Finished Spring Data repository scanning in 73 ms. Found 3 JPA repository interfaces.
2022-01-19 11:14:11 [main] INFO  o.s.c.s.PostProcessorRegistrationDelegate$BeanPostProcessorChecker Bean 'asyncExceptionHandler' of type [com.cla.employeeportaldemo.exception.AsyncExceptionHandler] is not eligible for getting processed by all BeanPostProcessors (for example: not eligible for auto-proxying)
2022-01-19 11:14:11 [main] INFO  o.s.c.s.PostProcessorRegistrationDelegate$BeanPostProcessorChecker Bean 'asyncConfiguration' of type [com.cla.employeeportaldemo.config.AsyncConfiguration$$EnhancerBySpringCGLIB$$3a95ecf2] is not eligible for getting processed by all BeanPostProcessors (for example: not eligible for auto-proxying)
2022-01-19 11:14:13 [main] INFO  o.s.b.w.e.tomcat.TomcatWebServer Tomcat initialized with port(s): 8081 (http)
2022-01-19 11:14:13 [main] INFO  o.a.catalina.core.StandardService Starting service [Tomcat]
2022-01-19 11:14:13 [main] INFO  o.a.catalina.core.StandardEngine Starting Servlet engine: [Apache Tomcat/9.0.55]
2022-01-19 11:14:13 [main] INFO  o.a.c.c.C.[Tomcat].[localhost].[/] Initializing Spring embedded WebApplicationContext
2022-01-19 11:14:13 [main] INFO  o.s.b.w.s.c.ServletWebServerApplicationContext Root WebApplicationContext: initialization completed in 3456 ms
2022-01-19 11:14:13 [main] INFO  o.h.jpa.internal.util.LogHelper HHH000204: Processing PersistenceUnitInfo [name: default]
2022-01-19 11:14:13 [main] INFO  org.hibernate.Version HHH000412: Hibernate ORM core version 5.6.1.Final
2022-01-19 11:14:14 [main] INFO  o.h.annotations.common.Version HCANN000001: Hibernate Commons Annotations {5.1.2.Final}
2022-01-19 11:14:14 [main] INFO  com.zaxxer.hikari.HikariDataSource HikariPool-1 - Starting...
2022-01-19 11:14:14 [main] INFO  com.zaxxer.hikari.HikariDataSource HikariPool-1 - Start completed.
2022-01-19 11:14:14 [main] INFO  org.hibernate.dialect.Dialect HHH000400: Using dialect: org.hibernate.dialect.MySQLInnoDBDialect
2022-01-19 11:14:15 [main] INFO  o.h.e.t.j.p.i.JtaPlatformInitiator HHH000490: Using JtaPlatform implementation: [org.hibernate.engine.transaction.jta.platform.internal.NoJtaPlatform]
2022-01-19 11:14:15 [main] INFO  o.s.o.j.LocalContainerEntityManagerFactoryBean Initialized JPA EntityManagerFactory for persistence unit 'default'
2022-01-19 11:14:16 [main] WARN  net.sf.ehcache.CacheManager One or more caches require a DiskStore but there is no diskStore element configured. Using the default disk store path of C:\Users\ASHLES~1\AppData\Local\Temp\. Please explicitly configure the diskStore element in ehcache.xml.
2022-01-19 11:14:16 [main] WARN  o.s.b.a.o.j.JpaBaseConfiguration$JpaWebConfiguration spring.jpa.open-in-view is enabled by default. Therefore, database queries may be performed during view rendering. Explicitly configure spring.jpa.open-in-view to disable this warning
2022-01-19 11:14:17 [main] INFO  s.d.s.w.PropertySourcedRequestMappingHandlerMapping Mapped URL path [/v2/api-docs] onto method [springfox.documentation.swagger2.web.Swagger2Controller#getDocumentation(String, HttpServletRequest)]
2022-01-19 11:14:17 [main] INFO  o.s.b.w.e.tomcat.TomcatWebServer Tomcat started on port(s): 8081 (http) with context path ''
2022-01-19 11:14:17 [main] INFO  s.d.s.w.p.DocumentationPluginsBootstrapper Context refreshed
2022-01-19 11:14:17 [main] INFO  s.d.s.w.p.DocumentationPluginsBootstrapper Found 1 custom documentation plugin(s)
2022-01-19 11:14:17 [main] INFO  s.d.s.w.s.ApiListingReferenceScanner Scanning for api listing references
2022-01-19 11:14:17 [main] INFO  s.d.s.w.r.o.CachingOperationNameGenerator Generating unique operation named: findEmployeeDetailsUsingGET_1
2022-01-19 11:14:18 [main] INFO  c.c.e.EmployeePortalApplication Started EmployeePortalApplication in 9.29 seconds (JVM running for 10.132)
2022-01-19 11:14:45 [http-nio-8081-exec-2] INFO  o.a.c.c.C.[Tomcat].[localhost].[/] Initializing Spring DispatcherServlet 'dispatcherServlet'
2022-01-19 11:14:45 [http-nio-8081-exec-2] INFO  o.s.web.servlet.DispatcherServlet Initializing Servlet 'dispatcherServlet'
2022-01-19 11:14:45 [http-nio-8081-exec-2] INFO  o.s.web.servlet.DispatcherServlet Completed initialization in 4 ms
2022-01-19 11:14:46 [http-nio-8081-exec-2] DEBUG org.hibernate.SQL select employee0_.emp_id as emp_id1_1_, employee0_.emp_address as emp_addr2_1_, employee0_.emp_designation as emp_desi3_1_, employee0_.emp_name as emp_name4_1_, employee0_.emp_phone as emp_phon5_1_, employee0_.emp_salary as emp_sala6_1_ from employee employee0_
2022-01-19 11:14:46 [pool-1-thread-1] DEBUG org.hibernate.SQL select employee0_.emp_id as emp_id1_1_, employee0_.emp_address as emp_addr2_1_, employee0_.emp_designation as emp_desi3_1_, employee0_.emp_name as emp_name4_1_, employee0_.emp_phone as emp_phon5_1_, employee0_.emp_salary as emp_sala6_1_ from employee employee0_
